<?xml version="1.0" encoding="UTF-8"?>
<!-- Generated by org.testng.reporters.JUnitXMLReporter -->
<testsuite hostname="Mallikharjuna" ignored="0" name="Test" tests="12" failures="1" timestamp="15 Aug 2018 12:08:51 GMT" time="0.422" errors="0">
  <testcase name="Test2" time="0.047" classname="com.pageObjectModel.tsetNGPackage.TestNGExample"/>
  <testcase name="Test3" time="0.0" classname="com.pageObjectModel.tsetNGPackage.TestNGExample"/>
  <testcase name="Test5" time="0.0" classname="com.pageObjectModel.tsetNGPackage.TestNGExample"/>
  <testcase name="Test6" time="0.062" classname="com.pageObjectModel.tsetNGPackage.TestNGExample"/>
  <testcase name="test1" time="0.046" classname="com.pageObjectModel.tsetNGPackage.TestNGGroups">
    <failure type="java.lang.AssertionError" message="expected [11] but found [1]">
      <![CDATA[java.lang.AssertionError: expected [11] but found [1]at com.pageObjectModel.tsetNGPackage.TestNGGroups.test1(TestNGGroups.java:13)... Removed 31 stack frames]]>
    </failure>
  </testcase> <!-- test1 -->
  <testcase name="test3" time="0.0" classname="com.pageObjectModel.tsetNGPackage.TestNGGroups"/>
  <testcase name="test4" time="0.016" classname="com.pageObjectModel.tsetNGPackage.TestNGGroups"/>
  <testcase name="test5" time="0.015" classname="com.pageObjectModel.tsetNGPackage.TestNGGroups"/>
  <testcase name="test7" time="0.0" classname="com.pageObjectModel.tsetNGPackage.TestNGGroups"/>
  <testcase name="Test1" time="0.0" classname="com.pageObjectModel.tsetNGPackage.TestNGExample"/>
  <testcase name="test2" time="0.0" classname="com.pageObjectModel.tsetNGPackage.TestNGGroups">
    <skipped/>
  </testcase> <!-- test2 -->
  <testcase name="Test4" time="0.0" classname="com.pageObjectModel.tsetNGPackage.TestNGExample"/>
</testsuite> <!-- Test -->
