<?xml version="1.0" encoding="UTF-8"?>
<!-- Generated by org.testng.reporters.JUnitXMLReporter -->
<testsuite hostname="Mallikharjuna" ignored="2" name="groupTest" tests="4" failures="1" timestamp="18 Jul 2018 04:59:14 GMT" time="0.351" errors="0">
  <testcase name="test1" time="0.076" classname="com.pageObjectModel.tsetNGPackage.TestNGGroups">
    <failure type="java.lang.AssertionError" message="expected [11] but found [1]">
      <![CDATA[java.lang.AssertionError: expected [11] but found [1]at com.pageObjectModel.tsetNGPackage.TestNGGroups.test1(TestNGGroups.java:13)... Removed 31 stack frames]]>
    </failure>
  </testcase> <!-- test1 -->
  <testcase name="test3" time="0.004" classname="com.pageObjectModel.tsetNGPackage.TestNGGroups"/>
  <testcase name="test4" time="0.007" classname="com.pageObjectModel.tsetNGPackage.TestNGGroups"/>
  <testcase name="test5" time="0.068" classname="com.pageObjectModel.tsetNGPackage.TestNGGroups"/>
  <testcase name="test7" time="0.0" classname="com.pageObjectModel.tsetNGPackage.TestNGGroups">
    <ignored/>
  </testcase> <!-- test7 -->
  <testcase name="test2" time="0.0" classname="com.pageObjectModel.tsetNGPackage.TestNGGroups">
    <ignored/>
  </testcase> <!-- test2 -->
</testsuite> <!-- groupTest -->
